#In-silico ESI-MS/MS [M+H]+ Spectra
#PREDICTED BY CFM-ID 4.4.7
#ID=CNP0220184
#SMILES=OC=1C=C(OC2OC(C)C(O)C(O)C2O)C=C(C1)C
#InChiKey=KRRHTNZRDJRPPB-UHFFFAOYSA-N
#Formula=C13H18O6
#PMass=271.11761
energy0
79.05423 17.52 20 (4.3336)
81.03349 12.16 21 89 (1.6177 1.3902)
107.04914 100.00 5 17 22 23 16 29 (18.566 3.0013 1.8291 1.0193 0.32198 0.0001225)
123.04406 12.07 79 98 91 100 (2.9309 0.025285 0.015659 0.012894)
125.05971 92.47 80 92 99 81 (17.561 2.2012 1.8708 1.2413)
129.05462 21.44 54 52 60 53 (3.2037 1.1446 0.48729 0.46836)
271.11761 61.72 0 177 169 147 253 155 194 142 125 119 141 135 127 (12.662 0.58853 0.51306 0.41732 0.31453 0.21398 0.20197 0.12116 0.11206 0.062134 0.030821 0.021562 0.0080844)
energy1
43.01784 2.36 87 (0.96107)
63.02293 4.78 18 (1.9443)
65.03858 12.71 19 35 (5.172 0.00075772)
79.05423 23.17 20 (9.4306)
81.03349 5.46 89 21 (1.2069 1.0137)
83.04914 6.07 28 90 (1.8123 0.65992)
107.04914 100.00 5 17 23 22 16 29 (23.103 8.7326 5.669 1.6943 1.503 0.0004013)
123.04406 14.79 79 91 98 100 (4.4865 1.1591 0.28169 0.090796)
125.05971 8.18 80 81 92 99 (2.2852 0.44473 0.40927 0.19082)
127.03897 4.26 72 76 116 71 (1.2302 0.38141 0.094264 0.028246)
129.05462 6.68 54 60 53 52 (1.8854 0.51905 0.15718 0.15701)
147.06519 2.78 56 66 51 55 57 59 (0.48105 0.22545 0.18892 0.18719 0.043598 0.0034506)
271.11761 3.74 0 155 147 141 125 142 253 119 194 169 135 177 127 (0.42379 0.24788 0.15786 0.14566 0.12964 0.10382 0.069782 0.065604 0.055583 0.047018 0.042945 0.026366 0.0060715)
energy2
39.02293 28.45 26 (3.0341)
41.03858 100.00 27 (10.663)
43.01784 20.96 87 (2.2351)
45.03349 36.77 69 (3.9205)
55.05423 9.56 95 (1.0199)
59.04914 9.72 63 84 (1.0339 0.0024435)
65.03858 7.91 19 35 (0.77076 0.072744)
67.05423 10.71 34 (1.1416)
73.06479 9.63 151 (1.0271)
79.05423 34.49 20 (3.678)
81.03349 16.57 21 89 (1.0515 0.71494)
83.04914 8.26 28 90 (0.84884 0.031727)
89.05971 19.46 64 179 (1.8503 0.22428)
91.05423 90.97 3 (9.7003)
93.06988 25.14 4 (2.6808)
95.04914 14.39 205 208 38 (0.73196 0.69554 0.10735)
95.08553 10.19 45 (1.0871)
107.04914 47.87 5 17 16 22 23 29 (3.1091 0.93694 0.63037 0.23094 0.15198 0.045043)
109.06479 9.01 24 31 30 25 36 32 (0.56166 0.28422 0.051728 0.029486 0.018161 0.015857)
111.08044 10.27 40 37 41 39 43 42 (0.26862 0.23044 0.21371 0.15629 0.14517 0.08053)
117.05462 21.50 153 196 197 (2.2495 0.028417 0.014642)
123.04406 11.86 79 100 98 91 (1.2051 0.02907 0.022054 0.0082301)
125.05971 24.96 92 80 99 81 (1.0059 0.99676 0.35823 0.30032)
127.03897 7.67 72 76 71 116 (0.46649 0.19931 0.15067 0.0013223)
131.10666 9.09 114 112 113 110 (0.46803 0.35705 0.12335 0.020832)
137.05971 31.67 204 207 210 201 202 231 (0.99635 0.82676 0.5288 0.50606 0.45127 0.067959)
139.07536 9.59 214 215 216 218 217 213 211 (0.31514 0.29736 0.17108 0.087239 0.071982 0.069846 0.010283)
153.05462 55.24 152 (5.8909)
171.10157 15.50 185 (1.6529)
197.08084 9.34 172 (0.99641)
213.07575 9.37 129 148 (0.5501 0.44954)

0 271.1176147481 Cc1cc([OH2+])cc(OC2OC(C)C(O)C(O)C2O)c1
3 91.0542266441 [CH+]=C1C=CC=CC1
4 93.0698767081 [CH3+]=C1C=CC=CC1
5 107.0491412641 [CH+]=C1C=CC=C(O)C1
16 107.0491412641 C#CC=C([OH2+])C=C=C
17 107.0491412641 C=C=CC(=C)C=C=[OH+]
18 63.0229265161 [C+]#CCC#C
19 65.0385765801 C#CCC#[CH2+]
20 79.0542266441 C#CCC(=[CH+])C
21 81.0334912001 [CH+]=C(C)C#CO
22 107.0491412641 C=C(C)C=C=C=C=[OH+]
23 107.0491412641 C#CC=C=CC(=C)[OH2+]
24 109.0647913281 C=C1C=C([OH2+])C=CC1
25 109.0647913281 [CH+]=C(C)C=C(O)C=C
26 39.0229265161 [C+]#CC
27 41.0385765801 [CH2+]#CC
28 83.0491412641 C=C(C)C#C[OH2+]
29 107.0491412641 C#CC(O)=CC(=[CH+])C
30 109.0647913281 [CH+]=C(C=C)C=C(C)O
31 109.0647913281 C=CCC(=C)C=C=[OH+]
32 109.0647913281 C=C(C)CC=C=C=[OH+]
34 67.0542266441 C#CC(C)=[CH3+]
35 65.0385765801 C#CC(=[CH+])C
36 109.0647913281 C#CCC=CC(=C)[OH2+]
37 111.0804413921 C=C1C=C([OH2+])CCC1
38 95.0491412641 [OH+]=C1C=CCC=C1
39 111.0804413921 C#CC=C([OH2+])CCC
40 111.0804413921 C=CC([OH2+])=CC(=C)C
41 111.0804413921 C=C(C=C=[OH+])CCC
42 111.0804413921 C=C(C)CCC=C=[OH+]
43 111.0804413921 C#CCCCC(=C)[OH2+]
45 95.0855267721 [CH3+]=C1C=CCCC1
51 147.0651852521 C=C1OCC(O)C(O)C1[OH2+]
52 129.0546205681 C=C1C=C([OH2+])C(O)CO1
53 129.0546205681 C=C1OCC(O)CC1=[OH+]
54 129.0546205681 C=C1OCCC(O)C1=[OH+]
55 147.0651852521 C=C(OCCO)C(=[OH+])CO
56 147.0651852521 C=C(C=[OH+])OCC(O)CO
57 147.0651852521 C#COCC(O)C(O)C[OH2+]
59 147.0651852521 C=CC([OH2+])C(O)C(O)C=O
60 129.0546205681 C#CC(=[OH+])C(O)C(C)O
63 59.0491412641 C=CC[OH2+]
64 89.0597059481 C=CC([OH2+])CO
66 147.0651852521 CC(=O)C(=[OH+])C(O)C(C)O
69 45.0334912001 CC=[OH+]
71 127.0389705041 C=C1OCC(O)=CC1=[OH+]
72 127.0389705041 C=C1OCCC(=O)C1=[OH+]
76 127.0389705041 C#CC(=[OH+])C(=O)C(C)O
79 123.0440558841 [CH+]=C1C=C(O)C=C(O)C1
80 125.0597059481 C=C1C=C([OH2+])C=C(O)C1
81 125.0597059481 C#CC=C([OH2+])C=C(C)O
84 59.0491412641 C=C(C)[OH2+]
87 43.0178411361 C=C=[OH+]
89 81.0334912001 [C+]#CC=C(C)O
90 83.0491412641 C#CC=C(C)[OH2+]
91 123.0440558841 [C+]#CC=C(O)C=C(C)O
92 125.0597059481 C=C(C)C=C([OH2+])C=C=O
95 55.0542266441 [CH+]=C(C)C
98 123.0440558841 [CH+]=C(C)C=C(O)C#CO
99 125.0597059481 C=C(C=C=O)C=C(C)[OH2+]
100 123.0440558841 [CH+]=C(C=C=O)C=C(C)O
110 131.1066561401 CC1CC(O)CC([OH2+])C1
112 131.1066561401 C=CCC([OH2+])CC(C)O
113 131.1066561401 C=C(C)CC([OH2+])CCO
114 131.1066561401 C=C(CCO)CC(C)[OH2+]
116 127.0389705041 C=C1C=C([OH2+])C(=O)CO1
119 271.1176147481 C#CC=C([OH2+])C=C(C)OC1OC(C)C(O)C(O)C1O
125 271.1176147481 C=C(C)C=C([OH2+])C=COC1OC(=C)C(O)C(O)C1O
127 271.1176147481 C=C(C=C(C)[OH2+])CCOC1OC(=C)C(=O)C(O)C1O
129 213.0757499361 C#CCC[OH+]C1OC(=C)C(=O)C(O)C1O
135 271.1176147481 C=C(C=C=[OH+])CC(=C)OC1OC(C)C(O)C(O)C1O
141 271.1176147481 C=C(C)CC(=C=C=[OH+])OC1OC(C)C(O)C(O)C1O
142 271.1176147481 C#CCC(=CC(=C)[OH2+])OC1OC(C)C(O)C(O)C1O
147 271.1176147481 C=C1C=C([OH2+])C=C(OC(=O)C(O)C(O)C(O)CC)C1
148 213.0757499361 C=C1C=C([OH2+])C=C(OC(=O)C(O)CO)C1
151 73.0647913281 C=CC(C)[OH2+]
152 153.0546205681 C=C1C=C([OH2+])C=C(OC=O)C1
153 117.0546205681 C#CC([OH2+])C(O)CO
155 271.1176147481 C=COC(OC1=CC([OH2+])=CC(=C)C1)C(O)C(O)CO
169 271.1176147481 C=C1C=C([OH2+])C=C(OC(OC(=C)CO)C(O)CO)C1
172 197.0808353161 C=C1C=C([OH2+])C=C(OCC(O)C=O)C1
177 271.1176147481 C=C1C=C([OH2+])C=C(OC(CO)OC(=C)C(O)CO)C1
179 89.0597059481 CC(=[OH+])CCO
185 171.1015707601 C=C1C=C([OH2+])CC(OCCO)C1
194 271.1176147481 C=C1C=C([OH2+])C=C(OCOC(=C)C(O)C(O)CO)C1
196 117.0546205681 CC(=[OH+])C(=O)CCO
197 117.0546205681 CC(=[OH+])C(=O)C(C)O
201 137.0597059481 C=[O+]C1=CC(O)=CC(=C)C1
202 137.0597059481 C#CC=C(O)C=C(C)[O+]=C
204 137.0597059481 C=[O+]C(=C)CC(=C)C=C=O
205 95.0491412641 C#CCC(=C)[O+]=C
207 137.0597059481 C=[O+]C(=C=C=O)CC(=C)C
208 95.0491412641 C=[O+]C#CC(=C)C
210 137.0597059481 C#CCC(=CC(=C)O)[O+]=C
211 139.0753560121 C=C1C=C([OH2+])C=C(OC)C1
213 139.0753560121 C#CC=C([OH2+])C=C(C)OC
214 139.0753560121 C=[O+]C=CC(O)=CC(=C)C
215 139.0753560121 C=[O+]C=CC(=C)C=C(C)O
216 139.0753560121 C=C(C=C=[OH+])CC(=C)OC
217 139.0753560121 C=C(C)CC(=C=C=[OH+])OC
218 139.0753560121 C#CCC(=CC(=C)[OH2+])OC
231 137.0597059481 C=C1C=CC=C([OH+]C=O)C1
253 271.1176147481 C=C1C=C([OH2+])C=C(OCC(O)C(O)C(O)C(C)=O)C1
