#In-silico ESI-MS/MS [M+H]+ Spectra
#PREDICTED BY CFM-ID 4.4.7
#ID=CNP0405108
#SMILES=O=C(NC(C1=NC=2C=CC=CC2N1C)C(C)C)C3(C=4C=CC=CC4)CCOCC3
#InChiKey=IRNPJJRNNBGCRJ-UHFFFAOYSA-N
#Formula=C24H29N3O2
#PMass=392.23325
energy0
131.06037 9.05 21 135 136 (4.563 0.45902 0.27903)
161.09609 17.35 60 106 110 101 104 105 68 (8.5855 1.3266 0.11936 0.071772 0.031482 0.024996 0.00070928)
204.14952 7.77 78 85 82 84 83 (4.3987 0.087609 0.050579 0.0091772 0.004658)
392.23325 100.00 0 182 172 208 211 213 169 171 221 229 224 230 170 228 (56.362 1.2318 0.34888 0.26695 0.13853 0.084745 0.060012 0.022477 0.020901 0.015969 0.008548 0.0073016 0.0054353 0.0032101)
energy1
79.05423 17.91 62 (1.6146)
102.09134 17.30 148 (1.5594)
111.04406 13.15 56 (1.1854)
117.06988 10.15 113 (0.91465)
131.06037 28.29 21 136 135 (1.4791 0.96163 0.10923)
133.07602 14.47 34 133 134 132 (0.82629 0.31481 0.12825 0.03487)
145.06479 77.31 70 (6.969)
147.09167 11.96 20 (1.0778)
161.09609 40.41 60 106 110 68 101 104 105 (2.1344 0.54362 0.26943 0.25255 0.15951 0.14327 0.14017)
163.11174 55.17 55 96 102 99 93 95 94 (3.4472 0.67898 0.41029 0.21242 0.12429 0.078381 0.021678)
171.08044 11.70 59 67 (0.58512 0.4697)
180.10191 12.76 149 (1.1506)
182.11756 11.31 150 (1.0194)
187.12297 32.59 18 23 30 28 (2.7211 0.1068 0.081602 0.028245)
189.09101 52.72 5 65 66 64 72 (2.5782 1.1922 0.44271 0.34957 0.18995)
202.13387 13.64 76 (1.2292)
204.10191 10.15 8 9 (0.77321 0.14164)
204.14952 30.24 78 85 82 84 83 (2.624 0.075357 0.01791 0.005376 0.0033973)
206.11756 10.49 4 7 (0.7509 0.19463)
216.10191 11.82 144 (1.0658)
216.13829 17.66 167 157 (1.3941 0.19772)
218.11756 10.35 143 (0.93329)
260.16451 68.17 141 153 152 163 151 166 (4.4892 0.4599 0.38887 0.32429 0.25473 0.22805)
314.18630 10.91 128 (0.98362)
334.19139 9.70 176 (0.87442)
348.20704 56.81 196 178 199 (4.7094 0.3722 0.039609)
350.22269 35.35 201 (3.1864)
360.20704 10.36 175 177 (0.73889 0.19544)
362.22269 9.19 174 (0.82858)
374.22269 41.66 190 88 198 (2.5659 0.9159 0.27341)
392.23325 100.00 0 182 208 169 172 171 213 170 221 230 229 211 228 224 (5.0175 1.4379 1.1061 0.51904 0.3628 0.20615 0.19879 0.040205 0.037552 0.03147 0.025455 0.017487 0.010481 0.0040352)
energy2
45.03349 17.28 204 158 (0.93025 0.33891)
55.05423 14.79 22 (1.0864)
57.06988 14.64 35 (1.0753)
72.08078 21.07 81 (1.548)
79.05423 19.89 62 (1.4611)
117.06988 59.63 113 (4.3803)
119.06037 17.15 16 (1.2594)
119.08553 78.54 114 (5.7695)
121.07602 58.76 27 (4.3159)
129.06988 20.50 108 (1.506)
131.08553 100.00 100 (7.3455)
133.10118 34.91 98 (2.5641)
135.08044 12.63 184 (0.92786)
145.06479 24.49 70 (1.7986)
145.07602 84.86 13 (6.233)
147.09167 50.49 20 (3.7091)
149.09609 14.36 189 (1.0547)
160.08692 24.70 75 (1.8144)
161.09609 21.29 105 101 104 110 106 60 68 (0.45866 0.29771 0.28204 0.23583 0.14118 0.12836 0.020091)
162.10257 19.52 77 (1.4336)
163.11174 22.84 102 95 93 94 96 99 55 (0.67377 0.339 0.33138 0.22663 0.066129 0.027114 0.013746)
173.10732 33.57 32 36 (1.2423 1.2238)
187.12297 41.34 18 23 30 28 (1.4531 1.2542 0.17534 0.15393)
189.13862 30.64 31 37 42 45 40 (1.0421 0.5081 0.30466 0.27333 0.12227)
204.14952 15.70 85 83 82 84 78 (0.29541 0.26099 0.22278 0.21596 0.1582)
230.15394 17.61 155 (1.2932)
334.19139 14.40 176 (1.058)
336.20704 18.18 180 (1.3353)
361.19105 14.14 219 (1.0385)
364.23834 27.14 173 (1.9938)
392.23325 25.29 171 170 169 230 229 228 182 221 211 213 172 224 208 0 (0.43333 0.41946 0.34258 0.26808 0.22767 0.14768 0.0095007 0.006547 0.0012886 0.00077836 0.00057411 0.00043 3.3522e-05 8.169e-06)

0 392.2332536201 CC(C)C([NH2+]C(=O)C1(c2ccccc2)CCOCC1)c1nc2ccccc2n1C
4 206.1175551721 [NH2+]=C(O)C1(C2=CC=CC=C2)CCOCC1
5 189.0910060761 [OH+]=CC1(C2=CC=CC=C2)C=COCC1
7 206.1175551721 C=CC(CCO)(C(=[NH2+])O)C1=CC=CC=C1
8 204.1019051081 [NH2+]=C(O)C1(C2=CC=CC=C2)C=COCC1
9 204.1019051081 C=CC(CC=O)(C(=[NH2+])O)C1=CC=CC=C1
13 145.0760247081 [CH+]=C1N=C2C=CC=CC2N1C
16 119.0603746441 C=[N+]=C1C=CC=CC1=N
18 187.1229749001 CC(=[CH3+])C=C1N=C2C=CC=CC2N1C
20 147.0916747721 CN1C(=[CH3+])N=C2C=CC=CC21
21 131.0603746441 [CH2+]N1C=NC2=CC=CC=C21
22 55.0542266441 [CH+]=C(C)C
23 187.1229749001 CC(=[CH3+])C#CN(C)C1C=CC=CC1=N
27 121.0760247081 CN=C1C=CC=CC1=[NH2+]
28 187.1229749001 C=NC(=CC(C)=[CH3+])N=C1C=CC=CC1
30 187.1229749001 CNC1C=CC=CC1=NC#CC(C)=[CH3+]
31 189.1386249641 CC(=[CH3+])C=C1N=C2C=CCCC2N1C
32 173.1073248361 C#[CH+]C=C1N=C2C=CCCC2N1C
34 133.0760247081 [CH4+]N1C=NC2=CC=CC=C21
35 57.0698767081 CC(C)=[CH3+]
36 173.1073248361 CC(=[CH3+])C=C1N=C2C=CC=CC2N1
37 189.1386249641 CC(=[CH3+])C#CN(C)C1CCC=CC1=N
40 189.1386249641 CNC(=CC(C)=[CH3+])N=C1C=CC=CC1
42 189.1386249641 CNC1CCC=CC1=NC#CC(C)=[CH3+]
45 189.1386249641 C=C=CCC1C=NC(=CC(C)=[CH3+])N1C
55 163.1117415201 C1=CCC(=C2CC[OH+]CC2)C=C1
56 111.0440558841 [OH+]=C=C1C=COCC1
59 171.0804413921 [CH2+]C1(C2=CC=CC=C2)C=COC=C1
60 161.0960914561 C1=CCC(=C2C=C[OH+]CC2)C=C1
62 79.0542266441 C1=CC=[CH2+]C=C1
64 189.0910060761 C=C=C=C=CCC1(C=[OH+])C=COCC1
65 189.0910060761 COC=CC(C)(C#[O+])C1=CC=CC=C1
66 189.0910060761 C=CC(C=[OH+])(CC=O)C1=CC=CC=C1
67 171.0804413921 C#CC(C=C)(C=[OH+])C1=CC=CC=C1
68 161.0960914561 C=CC(C)(C=[OH+])C1=CC=CC=C1
70 145.0647913281 C=CC(=C=[OH+])C1=CC=CC=C1
72 189.0910060761 CCOC=CC(=C=[OH+])C1=CC=CC=C1
75 160.0869237401 CN1C(C#[NH+])=NC2=CC=CCC21
76 202.1338739321 C=C(C)C(=[NH2+])C1=NC2=CC=CCC2N1C
77 162.1025738041 CN1C(C#[NH+])=NC2=CCCCC21
78 204.1495239961 C=C(C)C(=[NH2+])C1=NC2=CCCCC2N1C
81 72.0807757401 C=C(C)C[NH3+]
82 204.1495239961 C=C(C)C(=[NH2+])CN(C)C1C=CC=CC1=N
83 204.1495239961 C=C(C)C(=[NH2+])C(=N)N(C)C1C=CC=CC1
84 204.1495239961 C=C(C)C(=[NH2+])C(=NC1=CC=CCC1)NC
85 204.1495239961 C=C(C)C(=[NH2+])C=NC1=CC=CCC1NC
88 374.2226889361 C=C(C)C(=[NH+]CC1(C2=CC=CC=C2)C=COC=C1)C1=NC2=CCCCC2N1C
93 163.1117415201 C=C=C=CC(C)=C1CC[OH+]CC1
94 163.1117415201 C=C=CC(C=C)=C1CC[OH+]CC1
95 163.1117415201 CCC=C=C=C=C1CC[OH+]CC1
96 163.1117415201 C=CC(CC[OH2+])=C1C=CC=CC1
98 133.1011768361 C=C[CH+](C)=C1C=CC=CC1
99 163.1117415201 C[OH+]C=CC(C)=C1C=CC=CC1
100 131.0855267721 C#C[CH+](C)=C1C=CC=CC1
101 161.0960914561 C[OH+]C#CC(C)=C1C=CC=CC1
102 163.1117415201 CC[OH+]CC=C=C1C=CC=CC1
104 161.0960914561 C=C=C=CC(C)=C1C=C[OH+]CC1
105 161.0960914561 CC=C=C=C=C=C1CC[OH+]CC1
106 161.0960914561 C=CC(CC=[OH+])=C1C=CC=CC1
108 129.0698767081 [C+]#CC(C)=C1C=CC=CC1
110 161.0960914561 CC[OH+]C=C=C=C1C=CC=CC1
113 117.0698767081 C=C=[CH+]=C1C=CC=CC1
114 119.0855267721 CC=[CH+]=C1C=CC=CC1
128 314.1863034281 C=C(C)C(=[NH+]C(=O)C1=CCOC=C1)C1=NC2CCCCC2N1C
132 133.0760247081 [CH2+]N(C=N)C1=CC=CC=C1
133 133.0760247081 [CH3+]=NC=NC1=CC=CC=C1
134 133.0760247081 C=NC1=CC=CC=C1N=[CH3+]
135 131.0603746441 C#[N+]C1=CC=CC=C1N=C
136 131.0603746441 [CH+]=NC=NC1=CC=CC=C1
141 260.1645053641 C=C(C)C=[NH+]C(=O)C1(C2=CC=CCC2)CCOCC1
143 218.1175551721 C=[NH+]C(=O)C1(C2=CC=CC=C2)CCOCC1
144 216.1019051081 C=[NH+]C(=O)C1(C2=CC=CC=C2)C=COCC1
148 102.0913404241 C=C(C)C[NH2+]CO
149 180.1019051081 C=C(C)C=[NH+]C(=O)C1=CCOCC1
150 182.1175551721 C=C(C)C=[NH+]C(=O)C1CCOCC1
151 260.1645053641 C=C=C=C(CC)C1(C(=O)[NH+]=CC(=C)C)CCOCC1
152 260.1645053641 C=C=C=CCCC1(C(=O)[NH+]=CC(=C)C)CCOCC1
153 260.1645053641 C=C(C)C=[NH+]C(=O)C(C)(CCOC)C1=CC=CC=C1
155 230.1539406801 C=C(C)C=[NH+]C(=O)C(C)(CC)C1=CC=CC=C1
157 216.1382906161 C=C(C)C=[NH+]C(=O)C(C)(C)C1=CC=CC=C1
158 45.0334912001 C=[O+]C
163 260.1645053641 C=C(C)C=[NH+]C(=O)C(CC)(CCO)C1=CC=CC=C1
166 260.1645053641 C=C(C)C=[NH+]C(=O)C(CCOCC)=C1C=CC=CC1
167 216.1382906161 C=C(C)C=[NH+]C(=O)C(CC)=C1C=CC=CC1
169 392.2332536201 C=C=C=CC(=C)C1(C(=O)[NH+]=C(C(=C)C)C2NC3CCCCC3N2C)C=COC=C1
170 392.2332536201 C=C=CC(=C=C)C1(C(=O)[NH+]=C(C(=C)C)C2NC3CCCCC3N2C)C=COC=C1
171 392.2332536201 C=C=C=C=C=CC1(C(=O)[NH+]=C(C(=C)C)C2NC3CCCCC3N2C)C=COCC1
172 392.2332536201 C=C(C)C(=[NH+]C(=O)C(C)(C=COC)C1=CC=CC=C1)C1=NC2=CCCCC2N1C
173 364.2383390001 C#CC(C)(C(=O)[NH+]=C(C(=C)C)C1NC2CCCCC2N1C)C1=CC=CC=C1
174 362.2226889361 C#CC(C)(C(=O)[NH+]=C(C(=C)C)C1=NC2CCCCC2N1C)C1=CC=CC=C1
175 360.2070388721 C#CC(C)(C(=O)[NH+]=C(C(=C)C)C1=NC2=CCCCC2N1C)C1=CC=CC=C1
176 334.1913888081 C=C(C)C(=[NH+]C(=O)C(C)=C1C=CC=CC1)C1=NC2=CC=CCC2N1C
177 360.2070388721 C#CC(C)(CC=C=C=C=C)C(=O)[NH+]=C(C(=C)C)C1=NC2=CCCCC2N1C
178 348.2070388721 C=C(C)C(=[NH+]C(=O)C(C)(C)C1=CC=CC=C1)C1=NC2=CC=CCC2N1C
180 336.2070388721 C=C(C)C(=[NH+]C(=O)C(C)=C1C=CC=CC1)C1=NC2=CCCCC2N1C
182 392.2332536201 C=CC(C=C=O)(C(=O)[NH+]=C(C(=C)C)C1NC2CCCCC2N1C)C1=CC=CC=C1
184 135.0804413921 [OH+]=CC=CC1C=CC=CC1
189 149.0960914561 C=C(CC=[OH+])C1C=CC=CC1
190 374.2226889361 C#CC(C#C)(C(=O)[NH+]=C(C(=C)C)C1NC2CCCCC2N1C)C1=CC=CC=C1
196 348.2070388721 C#CC(C(=O)[NH+]=C(C(=C)C)C1=NC2CCCCC2N1C)=C1C=CC=CC1
198 374.2226889361 C#CC(C#C)(CC=C=C=C=C)C(=O)[NH+]=C(C(=C)C)C1NC2CCCCC2N1C
199 348.2070388721 C#CCCC(C#C)(C#C)C(=O)[NH+]=C(C(=C)C)C1=NC2CCCCC2N1C
201 350.2226889361 C#CC(C(=O)[NH+]=C(C(=C)C)C1NC2CCCCC2N1C)=C1C=CC=CC1
204 45.0334912001 CC=[OH+]
208 392.2332536201 C=COC=CC(C(=O)[NH+]=C(C(=C)C)C1=NC2CCCCC2N1C)=C1C=CC=CC1
211 392.2332536201 C=C(C)C(CN(C)C1CCCCC1=N)=[NH+]C(=O)C1(C2=CC=CC=C2)C=COC=C1
213 392.2332536201 C=C(C)C(C=NC1CCCCC1NC)=[NH+]C(=O)C1(C2=CC=CC=C2)C=COC=C1
219 361.1910544601 C=C(C)C(C=NC1=CCCCC1)=[NH+]C(=O)C1(C2=CC=CC=C2)C=COC=C1
221 392.2332536201 C=C(C)C(=[NH+]C(=O)C1(C2=CC=CC=C2)C=COC=C1)C(=NC1CCCCC1)NC
224 392.2332536201 C=C(C)C(=[NH+]C(=O)C1(C2=CC=CC=C2)C=COC=C1)C(=N)N(C)C1CCCCC1
228 392.2332536201 C=C(C)C(=[NH+]C(=O)C1(C2=CC=CC=C2)C=COC=C1)C1=NC(CC)C(CC)N1C
229 392.2332536201 C=C(C)C(=[NH+]C(=O)C1(C2=CC=CC=C2)C=COC=C1)C1=NC(CCCC)CN1C
230 392.2332536201 C=C(C)C(=[NH+]C(=O)C1(C2=CC=CC=C2)C=COC=C1)C1=NCC(CCCC)N1C
