#In-silico ESI-MS/MS [M+H]+ Spectra
#PREDICTED BY CFM-ID 4.4.7
#ID=CNP0315437
#SMILES=O=C1OC(C(=O)N2CCC(C)C2C(=O)NC(C(=O)N(C)C(C(=O)N(C)C(C(=O)NCC1)C)C(C)CC)C(C)CC)CC(C)C
#InChiKey=AIPPDKJKKDOWTJ-UHFFFAOYSA-N
#Formula=C32H55N5O7
#PMass=622.41743
energy0
604.40686 2.60 70 74 31 35 72 90 32 (1.8163 0.32991 0.142 0.084608 0.05665 0.025618 0.0046246)
622.41743 100.00 0 94 111 106 91 (93.944 0.46638 0.18968 0.057861 0.036576)
energy1
566.35483 6.34 22 56 77 93 60 59 25 78 61 (3.2109 1.2137 0.21605 0.062831 0.024196 0.020252 0.013007 0.0033002 0.0027069)
622.41743 100.00 0 94 106 111 91 (67.572 4.4609 2.4288 0.39128 0.33323)
energy2
41.03858 61.09 28 (12.249)
43.05423 30.29 30 (6.074)
57.06988 100.00 10 27 (13.904 6.1461)
59.08553 52.56 3 29 (9.6178 0.92073)
508.27657 17.15 48 42 (2.4388 1.0004)
522.29223 9.93 23 64 (1.3049 0.68539)
536.30788 9.25 6 13 50 (1.632 0.16597 0.056658)
564.33918 25.75 52 76 37 96 54 53 51 75 26 (2.5406 0.60252 0.55528 0.49953 0.39159 0.22908 0.18021 0.13567 0.028861)
566.35483 31.93 93 59 78 25 61 60 56 77 22 (4.0093 1.0709 0.34099 0.31096 0.2452 0.16677 0.16008 0.06006 0.03827)
578.35483 9.89 65 63 107 (1.2535 0.38909 0.33942)
606.38613 22.27 69 104 1 109 82 34 89 18 73 88 33 15 (0.81767 0.7651 0.56266 0.40261 0.39562 0.38748 0.29393 0.25963 0.24796 0.23664 0.055649 0.039509)
620.40178 9.06 105 110 (1.3986 0.41783)
622.41743 19.41 94 106 111 0 91 (3.0753 0.52668 0.17224 0.066685 0.051358)

0 622.4174255521 CCC(C)C1NC(=[OH+])C2C(C)CCN2C(=O)C(CC(C)C)OC(=O)CCNC(=O)C(C)N(C)C(=O)C(C(C)CC)N(C)C1=O
1 606.3861254241 C=C(C)C1=NC(=[OH+])C2=C(C)C=CN2C(=O)C(=CC(C)C)OC(O)CCNC(O)C(C)N(C)C(O)C(C(C)CC)N(C)C1O
3 59.0855267721 CC(C)[CH4+]
6 536.3078751041 C#CC1=NC(=[OH+])C2=C(C)C=CN2C(=O)COC(O)CCNC(O)C(C)N(C)C(O)C(C(C)CC)N(C)C1O
10 57.0698767081 CC(C)=[CH3+]
13 536.3078751041 C#CC1=NC(=[OH+])C2=C(C)C=CN2C(=O)C(CC(C)C)OC(O)CCNC(O)C(C)N(C)C(O)CN(C)C1O
15 606.3861254241 C#CC=C1N=C([OH2+])C2=C(C)C=CN2C(=O)C(CC(C)C)OC(O)CCNC(O)C(C)N(C)C(O)C(C(C)CC)N(C)C1O
18 606.3861254241 C#CC=C1N=C([OH2+])C(=C(C)C=C)N=C(O)C(=CC(C)C)OC(O)CCNC(O)C(C)N(C)C(O)C(C(C)CC)N(C)C1O
22 566.3548252961 CCC(C)C1C(O)N(C)C(C)C(O)NCCC(O)OC(=CC(C)C)C(=O)N2C=CC(C)=C2C(=[OH+])N=CC(O)N1C
23 522.2922250401 C=C1OC(=O)CCNC(O)C(C)N(C)C(O)C(C(C)CC)N(C)C(O)C=NC(=[OH+])C2=C(C)C=CN2C1=O
25 566.3548252961 C=CC(C)=C1N=C(O)C(=C=C(C)C)OC(O)CCNC(O)C(C)N(C)C(O)C(C(C)CC)N(C)C(O)C=NC1=[OH+]
26 564.3391752321 CCC(C)C1C(O)N(C)C(C)C(O)NCCC(O)OC(=C=C(C)C)C(=O)N2C=CC(C)=C2C(=[OH+])N=CC(O)N1C
27 57.0698767081 CCC=[CH3+]
28 41.0385765801 [CH2+]#CC
29 59.0855267721 CCC[CH4+]
30 43.0542266441 CC=[CH3+]
31 604.4068608681 C#CC(=C)C1=NC=C2C(=C)C=CN2C([OH2+])C(CC(C)C)OC(O)CCNC(O)C(C)N(C)C(O)C(C(C)CC)N(C)C1O
32 604.4068608681 C#CC=CN1C=CN=C(C(=C)C#C)C(O)N(C)C(C(C)CC)C(O)N(C)C(C)C(O)NCCC(O)OC(CC(C)C)C1[OH2+]
33 606.3861254241 C#CC(=C)C1=NC(=[OH+])C2=CC=CN2C(O)C(CC(C)C)OC(O)CCNC(O)C(C)N(C)C(O)C(C(C)CC)N(C)C1O
34 606.3861254241 C#CC(=C)C1=NC(=[OH+])C(=C=C=C)NC(O)C(CC(C)C)OC(O)CCNC(O)C(C)N(C)C(O)C(C(C)CC)N(C)C1O
35 604.4068608681 C#CC(=C)C1=NC(=[OH+])C2=C(C)C=CN2CC(CC(C)C)OC(O)CCNC(O)C(C)N(C)C(O)C(C(C)CC)N(C)C1O
37 564.3391752321 C#CC(=C)C1=NC(=[OH+])C2=C(C)C=CN2C(O)COC(O)CCNC(O)C(C)N(C)C(O)C(C(C)CC)N(C)C1O
42 508.2765749761 CCC(C)C1C(O)N(C)C(C)C(O)NC=CC(=O)OCC(=O)N2C=CC(C)=C2C(=[OH+])N=CC(O)N1C
48 508.2765749761 C#CC(=C)C1=NC(=[OH+])C2=C(C)C=CN2C(O)COC(O)CCNC(O)C(C)N(C)C(O)CN(C)C1O
50 536.3078751041 C#CC(=C)C1=NC(=[OH+])C2=C(C)C=CN2C(O)COC(O)CCNC(O)C(C)N(C)C(O)C(CC)N(C)C1O
51 564.3391752321 C#CC=CN1CC(=[OH+])N=C(C(=C)C#C)C(O)N(C)C(C(C)CC)C(O)N(C)C(C)C(O)NCCC(O)OCC1O
52 564.3391752321 C#CC(=C)C1=NC(=[OH+])C(=C(C)C=C)N=C(O)COC(O)CCNC(O)C(C)N(C)C(O)C(C(C)CC)N(C)C1O
53 564.3391752321 C#CC(=C)C1=NC(=[OH+])C(=C(C)C)N(C)C(=O)COC(=O)CCNC(O)C(C)N(C)C(O)C(C(C)CC)N(C)C1O
54 564.3391752321 C#CC(=C)C1=NC(=[OH+])C(=C=C)N(C=C)C(O)COC(O)CCNC(O)C(C)N(C)C(O)C(C(C)CC)N(C)C1O
56 566.3548252961 C#CC(=C)C1=NC(=[OH+])C2=C(C)CCN2C(O)COC(O)CCNC(O)C(C)N(C)C(O)C(C(C)CC)N(C)C1O
59 566.3548252961 C#CC(=C)C1=NC(=[OH+])C(=C(C)C=C)NC(O)COC(O)CCNC(O)C(C)N(C)C(O)C(C(C)CC)N(C)C1O
60 566.3548252961 C#CC(=C)C1=NC(=[OH+])C(=C(C)C)N(C)C(=O)COC(O)CCNC(O)C(C)N(C)C(O)C(C(C)CC)N(C)C1O
61 566.3548252961 C#CC(=C)C1=NC(=[OH+])C(=C=C)N(CC)C(O)COC(O)CCNC(O)C(C)N(C)C(O)C(C(C)CC)N(C)C1O
63 578.3548252961 C#CC(=C)C1=NC(=[OH+])C2=C(C)C=CN2C(O)C(C)OC(O)CCNC(O)C(C)N(C)C(O)C(C(C)CC)N(C)C1O
64 522.2922250401 C#CC(=C)C1=NC(=[OH+])C2=C(C)C=CN2C(O)C(C)OC(O)CCNC(O)C(C)N(C)C(O)CN(C)C1O
65 578.3548252961 C#CC(=C)C1=NC(=[OH+])C(=C(C)C=C)N=C(O)C(C)OC(O)CCNC(O)C(C)N(C)C(O)C(C(C)CC)N(C)C1O
69 606.3861254241 C#CC(=C)C1=NC(=[OH+])C2=C(C)C=CN2C(O)C(CCC)OC(O)CCNC(O)C(C)N(C)C(O)C(C(C)CC)N(C)C1O
70 604.4068608681 C#CC(=C)C1=NC(=[OH+])C2=C(C)C=CN2C(O)C(CC(C)C)OCCCNC(O)C(C)N(C)C(O)C(C(C)CC)N(C)C1O
72 604.4068608681 C#CC(=C)C1=NC(=[OH+])C2=C(C)C=CN2C(O)C(CC(C)C)OC(O)CCNCC(C)N(C)C(O)C(C(C)CC)N(C)C1O
73 606.3861254241 C#CC(=C)C1=NC(=[OH+])C2=C(C)C=CN2C(O)C(CC(C)C)OC(O)CCNC(O)CN(C)C(O)C(C(C)CC)N(C)C1O
74 604.4068608681 C#CC(=C)C1=NC(=[OH+])C2=C(C)C=CN2C(O)C(CC(C)C)OC(O)CCNC(O)C(C)N(C)CC(C(C)CC)N(C)C1O
75 564.3391752321 C#CC(=C)C1=NC(=[OH+])C2=C(C)C=CN2C(O)C(CC(C)C)OC(O)CCNC(O)C(C)N(C)C(O)CN(C)C1O
76 564.3391752321 C#CC(=C)C1=NC(=[OH+])C(=C(C)C=C)N=C(O)C(CC(C)C)OC(O)CCNC(O)C(C)N(C)C(O)CN(C)C1O
77 566.3548252961 C#CC(=C)C1=NC(=[OH+])C2=C(C)CCN2C(O)C(CC(C)C)OC(O)CCNC(O)C(C)N(C)C(O)CN(C)C1O
78 566.3548252961 C#CC(=C)C1=NC(=[OH+])C(=C(C)C=C)NC(O)C(CC(C)C)OC(O)CCNC(O)C(C)N(C)C(O)CN(C)C1O
82 606.3861254241 C#CC(=C)C1=NC(=[OH+])C2=C(C)C=CN2C(O)C(CC(C)C)OC(O)CCNC(O)C(C)N(C)C(O)C(CCC)N(C)C1O
88 606.3861254241 C#CC(=C)C1=NC(=[OH+])C2=C(C)C=CN2C(O)C(CC(C)C)OC(O)CCNC(O)C(C)N(C)C(O)C(C(C)C)N(C)C1O
89 606.3861254241 C#CC(=C)C1=NC(=[OH+])C2=C(C)C=CN2C(O)C(CC(C)C)OC(O)CCNC(O)C(C)N(C)C(O)C(C(C)CC)NC1O
90 604.4068608681 C#CC(=C)C1=NC(=[OH+])C2=C(C)C=CN2C(O)C(CC(C)C)OC(O)CCNC(O)C(C)N(C)C(O)C(C(C)CC)N(C)C1
91 622.4174255521 C#CCCN1CC(=[OH+])N=C(C(=C)C#C)C(O)N(C)C(C(C)CC)C(O)N(C)C(C)C(O)NCCC(O)OC(CC(C)C)C1O
93 566.3548252961 C#CC(=C)C1=NC(=[OH+])CN=C(O)C(=CC(C)C)OC(O)CCNC(O)C(C)N(C)C(O)C(C(C)CC)N(C)C1O
94 622.4174255521 C#CC(=C)C1=NC(=[OH+])C(=C(C)C=C)NC(O)C(CC(C)C)OC(O)CCNC(O)C(C)N(C)C(O)C(C(C)CC)N(C)C1O
96 564.3391752321 C#CC(=C)C1=NC(=[OH+])CN=C(O)C(=C=C(C)C)OC(O)CCNC(O)C(C)N(C)C(O)C(C(C)CC)N(C)C1O
104 606.3861254241 C#CC(=C)C1=NC(=[OH+])C(=C(C)C)N=C(O)C(=CC(C)C)OC(O)CCNC(O)C(C)N(C)C(O)C(C(C)CC)N(C)C1O
105 620.4017754881 C#CC(=C)C1=NC(=[OH+])C(=C(C)C#C)NC(O)C(CC(C)C)OC(O)CCNC(O)C(C)N(C)C(O)C(C(C)CC)N(C)C1O
106 622.4174255521 C#CC(=C)C1=NC(=[OH+])C(=C(C)C)N(C)C(=O)C(CC(C)C)OC(O)CCNC(O)C(C)N(C)C(O)C(C(C)CC)N(C)C1O
107 578.3548252961 C#CC(=C)C1=NC(=[OH+])CN(C)C(=O)C(=C=C(C)C)OC(O)CCNC(O)C(C)N(C)C(O)C(C(C)CC)N(C)C1O
109 606.3861254241 C#CC(=C)C1=NC(=[OH+])C(=C=C)N(C)C(=O)C(CC(C)C)OC(O)CCNC(O)C(C)N(C)C(O)C(C(C)CC)N(C)C1O
110 620.4017754881 C#CC(=C)C1=NC(=[OH+])C(=C(C)C)N(C)C(=O)C(=CC(C)C)OC(O)CCNC(O)C(C)N(C)C(O)C(C(C)CC)N(C)C1O
111 622.4174255521 C#CC(=C)C1=NC(=[OH+])C(=C=C)N(CC)C(O)C(CC(C)C)OC(O)CCNC(O)C(C)N(C)C(O)C(C(C)CC)N(C)C1O
