#In-silico ESI-MS/MS [M+H]+ Spectra
#PREDICTED BY CFM-ID 4.4.7
#ID=CNP0113088
#SMILES=O=C(OC)C1=C2NC3=CC(OC)=CC=C3C24CCN5CC6(OC6C)C1CC54
#InChiKey=BXDSNQSESIAPFZ-UHFFFAOYSA-N
#Formula=C21H24N2O4
#PMass=369.18088
energy0
337.15467 18.37 7 13 29 14 15 20 16 17 19 21 18 30 31 32 33 (13.976 0.28035 0.2706 0.26061 0.17395 0.1212 0.094873 0.034459 0.028117 0.010765 0.0068868 0.0033301 0.001778 0.00081586 0.00040463)
369.18088 100.00 0 56 46 68 126 150 109 67 55 71 60 100 91 65 101 75 76 62 96 66 (77.697 2.1906 1.1227 0.64809 0.37108 0.27677 0.25406 0.096578 0.086391 0.078818 0.064343 0.043853 0.043202 0.03852 0.018517 0.018133 0.015356 0.013022 0.0086926 0.0027408)
energy1
337.15467 14.57 7 29 13 17 30 21 18 19 20 32 14 15 33 31 16 (5.9998 2.1981 0.66039 0.55531 0.29519 0.15343 0.097532 0.062058 0.060998 0.057699 0.05302 0.049397 0.042305 0.034482 0.024122)
369.18088 100.00 0 46 150 126 109 56 55 68 75 101 67 65 60 76 71 66 62 100 96 91 (39.62 12.737 6.8544 4.8548 1.4628 1.3522 0.82627 0.7623 0.62007 0.33256 0.28389 0.22523 0.22365 0.16788 0.15324 0.14283 0.13914 0.1197 0.065054 0.034444)
energy2
71.04914 37.25 130 90 (3.9932 0.17931)
239.11789 100.00 133 (11.202)
253.13354 26.66 113 (2.9861)
285.12337 30.00 44 107 (3.1041 0.25676)
295.14410 13.36 50 74 (1.1263 0.3706)
297.12337 65.14 131 98 88 (6.4388 0.58489 0.27293)
299.13902 58.44 132 99 (5.9165 0.62997)
301.15467 13.36 134 87 (1.2814 0.21543)
309.15975 25.01 136 12 27 26 9 (1.1853 0.62423 0.58165 0.2868 0.12414)
311.13902 27.17 115 117 51 92 84 83 120 (1.2911 0.80143 0.35829 0.2936 0.13119 0.11258 0.055278)
313.15467 21.03 93 110 82 114 81 (0.81392 0.72952 0.47906 0.29117 0.04206)
315.17032 13.16 80 94 (1.0985 0.37574)
325.15467 13.68 78 77 48 146 (0.93438 0.34579 0.21741 0.034778)
337.15467 50.32 32 33 7 14 31 20 19 21 18 15 16 29 30 13 17 (1.2591 0.9345 0.64454 0.38667 0.38026 0.36672 0.2812 0.27073 0.23803 0.23376 0.21543 0.18797 0.14195 0.05613 0.039636)
339.17032 18.85 35 6 36 37 5 8 34 3 (0.5001 0.45431 0.27809 0.26967 0.24261 0.20493 0.15096 0.010668)
353.14958 21.18 151 43 45 69 42 1 41 39 102 (0.48405 0.44448 0.35861 0.34165 0.32423 0.18657 0.12104 0.064183 0.048046)
367.16523 80.94 70 54 124 125 160 159 135 143 59 141 148 162 139 140 138 145 (1.8822 1.3134 0.94794 0.92907 0.78683 0.61752 0.51363 0.38521 0.36147 0.31174 0.22822 0.2225 0.21349 0.19848 0.11595 0.039694)
369.18088 91.98 68 109 150 75 67 56 100 65 126 46 66 62 71 60 76 91 55 101 96 0 (2.4996 2.1414 2.1233 0.72291 0.70318 0.62291 0.41127 0.37458 0.19409 0.15762 0.12374 0.079217 0.058534 0.026245 0.022974 0.01648 0.008928 0.0064769 0.0059279 0.004503)

0 369.1808837001 COc1ccc2c(c1)NC1=C(C(=O)[OH+]C)C3CC4N(CCC124)CC31OC1C
1 353.1495835721 COC1=CC2=NC3=C(C(O)=[OH+])C4CC5N(C=CC35C2C=C1)CC41OC1C
3 339.1703190161 COC1=CCC2C(=C1)N=C1C(=C=[OH+])C3CC4N(CCC124)CC31OC1C
5 339.1703190161 COC1=CC=C2C(=C1)N=C1C(=C=[OH+])C(C3OC3C)CC3N(C)CCC213
6 339.1703190161 COC1=CC=C2C(=C1)N=C1C(=C=[OH+])CCC3N(CC4OC4C)CCC213
7 337.1546689521 COC1=CC=C2C(=C1)N=C1C(=C=[OH+])CCC3N(CC4OC4C)C=CC213
8 339.1703190161 COC1=CC=C2C(=C1)N=C1C(=C=[OH+])C(C3(C)OC3C)CC3NCCC213
9 309.1597543321 C[OH+]C1=CC2=NC3=CC4CC5N(C=CC35C2C=C1)CC41OC1C
12 309.1597543321 CC1OC12CN1CCC34C(=NC5=CC=CCC53)C(=C=[OH+])C2CC14
13 337.1546689521 COC1=CC=C2C(=C1)N=C1C(=C=[OH+])C3CC4N(C=CC214)CC3C(C)O
14 337.1546689521 C=CC12C3=CC=C(OC)C=C3N=C1C(=C=[OH+])C1CC2NCC12OC2C
15 337.1546689521 C=C1OC12CN(C)C1CC2C(=C=[OH+])C2=NC3=CC(OC)=CC=C3C21C
16 337.1546689521 COC1=CC2=NC(=C=C=[OH+])C3(C=CN4CC5(CCC43)OC5C)C2C=C1
17 337.1546689521 COC1=CC=C2C(=C1)N=CC21C=CN2CC3(OC3C)C(C=C=[OH+])CC21
18 337.1546689521 C=C1N=C2C(=C=[OH+])C3CC4N(CCC24C1=C=C=COC)CC31OC1C
19 337.1546689521 C=C(C=C=C1CN=C2C(=C=[OH+])C3CC4N(C=CC124)CC31OC1C)OC
20 337.1546689521 COC1=CC=C2C(=C1)N=C1C(=C=[OH+])C(C3OC3C)CC3N(C)C=CC213
21 337.1546689521 COC1=CC=C2C(=C1)N=C1C(=C=[OH+])C(C3(C)OC3C)CC3NC=CC213
26 309.1597543321 C=C1OC12CN(C)C1C=C2C=C2N=C3C=C([OH+]C)C=CC3C21C
27 309.1597543321 C=C1OC1(C)C1C=C2N=C3C=C([OH+]C)C=CC3C23C=CNC3C1
29 337.1546689521 C[OH+]C(=O)C1=C2N=C3C=CC=CC3C23C=CN2CC4(OC4C)C1CC23
30 337.1546689521 C[OH+]C(=O)C1=C2N=C3C=CC=CC3C23C=CN2C=C(C(C)O)C1CC23
31 337.1546689521 C=C1OC12CN(C)C1C=C2C(C(=O)[OH+]C)=C2N=C3C=CC=CC3C21C
32 337.1546689521 C[OH+]C(=O)C1=C2N=C3C=CC=CC3C23C=CN(C=C2OC2C)C3CC1
33 337.1546689521 C=C1OC1(C)C1CC2NC=CC23C(=C1C(=O)[OH+]C)N=C1C=CC=CC13
34 339.1703190161 C[OH+]C(=O)C1=C2N=C3C=CC=CC3C23CCN2CC4(OC4C)C1CC23
35 339.1703190161 C[OH+]C(=O)C1=C2N=C3C=CC=CC3C23C=CN(C)C3CC1C1OC1C
36 339.1703190161 C[OH+]C(=O)C1=C2N=C3C=CC=CC3C23C=CN(CC2OC2C)C3CC1
37 339.1703190161 C[OH+]C(=O)C1=C2N=C3C=CC=CC3C23C=CNC3CC1C1(C)OC1C
39 353.1495835721 C[OH+]C(=O)C1=C2N=C3C=C(O)C=CC3C23C=CN2CC4(OC4C)C1CC23
41 353.1495835721 C[OH+]C(=O)C1=C2N=C3C=C(O)C=CC3C23C=CN2C=C(C(C)O)C1CC23
42 353.1495835721 C=C1OC12CN(C)C1C=C2C(C(=O)[OH+]C)=C2N=C3C=C(O)C=CC3C21C
43 353.1495835721 C[OH+]C(=O)C1=C2N=C3C=C(O)C=CC3C23C=CN(C=C2OC2C)C3CC1
44 285.1233688241 C[OH+]C(=O)C1=C2N=C3C=C(O)C=CC3C23C=CNC3CC1
45 353.1495835721 C=C1OC1(C)C1CC2NC=CC23C(=C1C(=O)[OH+]C)N=C1C=C(O)C=CC13
46 369.1808837001 COC1=CC2=NC3=C(C(=O)[OH+]C)C4CC5N(C=CC35C2C=C1)CC4C(C)O
48 325.1546689521 COC1=CC2=NC3=C(C(=O)[OH+]C)C4CCN5C=CC3(C2C=C1)C5C4
50 295.1441042681 COC1=CC=C2C(=C1)N=C1C(=C=[OH+])C3CCN4CCC21C4C3
51 311.1390188881 C[OH+]C(=O)C1=C2N=C3C=C(O)C=CC3C23C=CN2CCC1CC23
54 367.1652336361 COC1=CC2=NC3=C(C(=O)[OH+]C)C4CC5N(C=CC35C2C=C1)C=C4C(C)O
55 369.1808837001 CCOC1CN2C=CC34C(=C(C(=O)[OH+]C)C1CC23)N=C1C=C(OC)C=CC14
56 369.1808837001 CCC1(O)CN2C=CC34C(=C(C(=O)[OH+]C)C1CC23)N=C1C=C(OC)C=CC14
59 367.1652336361 C=CC1(O)CN2C=CC34C(=C(C(=O)[OH+]C)C1CC23)N=C1C=C(OC)C=CC14
60 369.1808837001 COC1=CC(=N)C(C23C=CN4CC5(OC5C)C(CC42)C(C(=O)[OH+]C)=C3)C=C1
62 369.1808837001 COC1=CC(=NC2=C(C(=O)[OH+]C)C3CC4C2=CCN4CC32OC2C)CC=C1
65 369.1808837001 COC1=CC=C(C23C=CN4CC5(OC5C)C(CC42)C(C(=O)[OH+]C)=C3N)C=C1
66 369.1808837001 CCN1CC2(OC2C)C2CC1C1=C3C=CC(OC)=CC3=NC1=C2C(=O)[OH+]C
67 369.1808837001 C=CC12C(=C(C(=O)[OH+]C)C3CC1NCC31OC1C)N=C1C=C(OC)C=CC12
68 369.1808837001 C=C1OC12CN(C)C1CC2C(C(=O)[OH+]C)=C2N=C3C=C(OC)C=CC3C21C
69 353.1495835721 C=C1OC12CN(C)C1CC2C(C(=O)[OH+]C)=C2N=C3C=C(OC)C=CC3=C21
70 367.1652336361 C=C1OC12CN(C)C1C=C2C(C(=O)[OH+]C)=C2N=C3C=C(OC)C=CC3C21C
71 369.1808837001 COC1=CC2=NC(=CC(=O)[OH+]C)C3(C=CN4CC5(CCC43)OC5C)C2C=C1
74 295.1441042681 C=C1OC12CCC1N(C=CC13C=NC1=CC([OH+]C)=CC=C13)C2
75 369.1808837001 COC1=CC=C2C(=C1)N=CC21C=CN2CC3(OC3C)C(CC(=O)[OH+]C)CC21
76 369.1808837001 COC=C=C=C1C(C)=NC2=C(C(=O)[OH+]C)C3CC4N(CCC124)CC31OC1C
77 325.1546689521 C#CC1C(C)=NC2=C(C(=O)[OH+]C)C3CC4N(C=CC214)CC31OC1C
78 325.1546689521 C#CC1C(C)=NC2=C(C(=O)[OH+]C)CCC3N(C=C4OC4C)C=CC213
80 315.1703190161 C=C1C(C)=NC2=C(C(=O)[OH+]C)C3CC4N(CCC124)CC31OC1C
81 313.1546689521 C=C1C(C)=NC2=C(C(=O)[OH+]C)C3CC4N(C=CC124)CC31OC1C
82 313.1546689521 C=C1C(C)=NC2=C(C(=O)[OH+]C)CCC3N(C=C4OC4C)C=CC123
83 311.1390188881 C=C1OC12CN1C=CC34C(=C)C(C)=NC3=C(C(=O)[OH+]C)C2CC14
84 311.1390188881 C=[O+]C(=O)C1=C2N=C(C)C(=C)C2(C)C2C=C1C1(CN2C)OC1=C
87 301.1546689521 C[OH+]C(=O)C1=C2N=C(C)CC23C=CN2CC4(OC4C)C1CC23
88 297.1233688241 C=C1OC12CN1C=CC34CC(C)=NC3=C(C(=O)[OH+]C)C2=CC14
90 71.0491412641 CC#C[OH+]C
91 369.1808837001 C=C=C1C(C=COC)=NC2=C(C(=O)[OH+]C)C3CC4N(CCC124)CC31OC1C
92 311.1390188881 C#CC1C=NC2=C(C(=O)[OH+]C)C3CC4N(C=CC214)CC31OC1C
93 313.1546689521 C#CC1C=NC2=C(C(=O)[OH+]C)C3CC4N(CCC214)CC31OC1C
94 315.1703190161 C=CC1C=NC2=C(C(=O)[OH+]C)C3CC4N(CCC214)CC31OC1C
96 369.1808837001 C=C1C(C=C(C)OC)=NC2=C(C(=O)[OH+]C)C3CC4N(C=CC124)CC31OC1C
98 297.1233688241 C=C1OC12CN1C=CC34C(=C)C=NC3=C(C(=O)[OH+]C)C2CC14
99 299.1390188881 C=C1C=NC2=C(C(=O)[OH+]C)C3CC4N(C=CC124)CC31OC1C
100 369.1808837001 C=CC(=CC1=NC2=C(C(=O)[OH+]C)C3CC4N(C=CC24C1)CC31OC1C)OC
101 369.1808837001 C=C(C=C=C1C=NC2=C(C(=O)[OH+]C)C3CC4N(CCC124)CC31OC1C)OC
102 353.1495835721 COC#CC=C1C=NC2=C(C(=O)[OH+]C)C3CC4N(C=CC124)CC31OC1C
107 285.1233688241 C=C1OC12CN1C=CC34CC=NC3=C(C(=O)[OH+]C)C2CC14
109 369.1808837001 COC1=CC2=NC3=C(C(=O)[OH+]C)C(C4OC4C)CC4N(C)C=CC34C2C=C1
110 313.1546689521 COC1=CC2=NC3=C(C(=O)[OH+]C)CCC4N(C)C=CC34C2C=C1
113 253.1335395841 C[OH+]C1=CC2=NC3=CC=CC4N(C)C=CC34C2C=C1
114 313.1546689521 CN=C=CC12CCCC(C(=O)[OH+]C)=C1N=C1C=C(OC)C=CC12
115 311.1390188881 COC1=CC2=NC3=C(C(=O)[OH+]C)C=CC4N(C)C=CC34C2C=C1
117 311.1390188881 CN=C=CC12CC=CC(C(=O)[OH+]C)=C1N=C1C=C(OC)C=CC12
120 311.1390188881 C=CC12C(=C(C(=O)[OH+]C)C=CC1N=C)N=C1C=C(OC)C=CC12
124 367.1652336361 C=C1OC1C1CC2N(C)C=CC23C(=C1C(=O)[OH+]C)N=C1C=C(OC)C=CC13
125 367.1652336361 COC1=CC2=NC3=C(C(=O)[OH+]C)C(=CC(C)=O)CC4N(C)C=CC34C2C=C1
126 369.1808837001 COC1=CC2=NC3=C(C(=O)[OH+]C)CCC4N(CC5OC5C)C=CC34C2C=C1
130 71.0491412641 CC1OC1=[CH3+]
131 297.1233688241 COC1=CC2=NC3=C(C(=O)[OH+]C)C=CC4NC=CC34C2C=C1
132 299.1390188881 COC1=CC2=NC3=C(C(=O)[OH+]C)CCC4NC=CC34C2C=C1
133 239.1178895201 C[OH+]C1=CC2=NC3=CC=CC4NC=CC34C2C=C1
134 301.1546689521 COC1=CC2=NC3=C(C(=O)[OH+]C)CCC4NCCC34C2C=C1
135 367.1652336361 COC1=CC2=NC3=C(C(=O)[OH+]C)CCC4N(C=C5OC5C)C=CC34C2C=C1
136 309.1597543321 C[OH+]C1=CC2=NC3=CCCC4N(C=C5OC5C)C=CC34C2C=C1
138 367.1652336361 C=C1OC1=CN1C=CC2(C3C=CC(OC)=CC3=N)C=C(C(=O)[OH+]C)CCC12
139 367.1652336361 COC=C=C=C1C(C)=NC2=C(C(=O)[OH+]C)CCC3N(C=C4OC4C)C=CC123
140 367.1652336361 COC1=CC2=NC3=C(C(=O)[OH+]C)CCCC3(C=C=NC=C3OC3C)C2C=C1
141 367.1652336361 C=CC12C(=C(C(=O)[OH+]C)CCC1N=C=C1OC1C)N=C1C=C(OC)C=CC12
143 367.1652336361 COC1=CC2=NC3=C(C(=O)[OH+]C)CCC4N(C#CC(C)O)C=CC34C2C=C1
145 367.1652336361 CCOC#CN1C=CC23C(=C(C(=O)[OH+]C)CCC12)N=C1C=C(OC)C=CC13
146 325.1546689521 C=CN1C=CC23C(=C(C(=O)[OH+]C)CCC12)N=C1C=C(OC)C=CC13
148 367.1652336361 C=CC(O)=CN1C=CC23C(=C(C(=O)[OH+]C)CCC12)N=C1C=C(OC)C=CC13
150 369.1808837001 COC1=CC2=NC3=C(C(=O)[OH+]C)C(C4(C)OC4C)CC4NC=CC34C2C=C1
151 353.1495835721 C=C1OC1C1CC2NC=CC23C(=C1C(=O)[OH+]C)N=C1C=C(OC)C=CC13
159 367.1652336361 C=C1OC1(C)C1CC2NC=CC23C(=C1C(=O)[OH+]C)N=C1C=C(OC)C=CC13
160 367.1652336361 C=C(C(C)=O)C1CC2NC=CC23C(=C1C(=O)[OH+]C)N=C1C=C(OC)C=CC13
162 367.1652336361 C=COC(=C)C1CC2NC=CC23C(=C1C(=O)[OH+]C)N=C1C=C(OC)C=CC13
