#In-silico ESI-MS/MS [M+H]+ Spectra
#PREDICTED BY CFM-ID 4.4.7
#ID=CNP0113090
#SMILES=O=C1OC=2C=C(OCC(=O)NCCC(=O)O)C=CC2C(=C1)CC
#InChiKey=QGDPZKCLHUTQDR-UHFFFAOYSA-N
#Formula=C16H17NO6
#PMass=320.11286
energy0
72.04439 19.01 135 52 103 (6.1272 0.29694 0.00065345)
90.05495 29.48 9 182 (9.9642 0.0007542)
203.03389 9.64 137 (3.2591)
231.06519 26.56 146 150 155 152 154 (8.7022 0.12897 0.107 0.026352 0.011556)
232.06043 6.74 174 (2.2782)
260.09173 16.39 179 188 216 184 189 186 (5.0307 0.28531 0.087123 0.082891 0.03717 0.017036)
302.10230 23.87 197 7 126 220 (6.7472 1.1268 0.16604 0.027854)
320.11286 100.00 0 232 215 237 221 234 231 201 233 236 235 (33.12 0.30628 0.093119 0.080591 0.077214 0.059964 0.02562 0.01444 0.0085844 0.0078711 0.0048626)
energy1
30.03383 8.35 127 (1.0742)
42.03383 8.24 133 (1.0591)
55.01784 32.46 161 (4.1739)
61.02841 7.81 131 (1.0044)
70.02874 14.27 57 107 (1.7795 0.055067)
72.04439 100.00 135 52 103 (12.195 0.65564 0.0097503)
73.02841 19.65 13 (2.5269)
84.04439 7.73 58 (0.99358)
88.03930 17.45 12 23 (2.1218 0.12222)
90.05495 36.98 9 182 (4.3682 0.38785)
173.05971 24.31 29 30 32 81 84 (2.0568 0.56596 0.29476 0.18596 0.023303)
175.03897 6.75 114 80 (0.84323 0.024461)
175.07536 11.32 33 117 34 8 37 35 (0.73743 0.42143 0.15042 0.078821 0.041404 0.026027)
187.03897 18.10 61 (2.3272)
189.05462 35.52 63 66 76 77 73 65 (3.7166 0.56105 0.13525 0.087827 0.044358 0.02324)
191.07027 12.08 79 95 82 94 85 83 90 91 92 (1.3583 0.043717 0.040805 0.034973 0.031769 0.018027 0.012385 0.0066747 0.0066112)
203.03389 7.82 137 (1.0062)
203.07027 32.72 112 151 116 118 121 (3.2518 0.38122 0.28611 0.16523 0.12284)
213.05462 10.44 149 148 (1.0264 0.31659)
230.04478 7.80 175 (1.0032)
231.06519 26.64 146 150 155 154 152 (3.0859 0.23125 0.050379 0.042455 0.016159)
232.06043 17.41 174 (2.2393)
242.08117 7.72 181 183 (0.56749 0.42579)
258.07608 11.36 173 (1.4605)
260.09173 30.84 179 184 216 189 188 186 (3.3434 0.3587 0.14391 0.054219 0.041023 0.024892)
274.10738 36.21 192 218 195 (2.9418 1.2465 0.46794)
284.09173 7.53 198 (0.96823)
302.10230 20.05 197 7 126 220 (1.7991 0.55834 0.16255 0.058173)
318.09721 11.87 238 (1.526)
320.11286 31.32 0 232 234 221 237 215 201 235 233 231 236 (3.2309 0.21375 0.13909 0.13351 0.1311 0.053164 0.035645 0.029487 0.028756 0.02356 0.0082065)
energy2
30.03383 21.58 127 (1.6649)
42.03383 80.44 133 (6.2046)
44.04948 17.11 129 (1.32)
44.99711 38.67 132 (2.9831)
55.01784 100.00 161 (7.7137)
57.03349 15.56 160 (1.1999)
59.04914 26.89 159 (2.0743)
70.02874 42.61 57 107 (1.8215 1.4653)
72.04439 55.32 52 135 103 (2.3181 1.6966 0.2525)
74.06004 15.09 130 (1.1641)
84.04439 12.81 58 (0.98794)
100.03930 13.28 24 108 106 (0.7356 0.16797 0.12077)
145.06479 35.97 31 74 (1.7528 1.0219)
161.05971 72.16 70 39 (5.4259 0.13998)
163.03897 15.89 6 (1.2256)
163.07536 31.76 87 93 (2.1696 0.28004)
169.02841 28.82 62 140 (1.8761 0.34732)
171.04406 51.91 28 64 71 (2.9038 0.94341 0.15721)
173.05971 22.27 30 32 81 29 84 (0.57568 0.51489 0.29835 0.24955 0.079082)
175.03897 13.37 80 114 (0.92855 0.10307)
175.07536 24.54 117 34 8 37 35 33 (0.49332 0.37244 0.36755 0.35313 0.21704 0.089382)
177.09101 15.28 44 43 42 38 (0.49579 0.45597 0.20158 0.02567)
179.10666 16.80 48 47 46 45 (0.49023 0.40789 0.34322 0.054841)
185.02332 15.58 60 (1.2015)
187.03897 12.96 61 (0.99969)
189.05462 43.48 66 63 65 73 76 77 (1.3244 0.50467 0.485 0.38724 0.32873 0.32407)
191.07027 22.46 95 82 85 94 91 92 79 90 83 (0.39339 0.28465 0.24435 0.22709 0.22397 0.15534 0.10045 0.05452 0.048759)
238.07100 14.97 207 (1.1549)
274.10738 13.84 218 195 192 (0.77299 0.29375 0.00059296)
276.12303 17.08 219 196 (0.96351 0.35423)
320.11286 27.76 237 233 236 234 232 235 231 215 221 201 0 (0.85279 0.35255 0.27838 0.27099 0.24279 0.14362 0.00010438 3.0332e-05 2.8345e-05 2.3692e-05 5.9961e-06)

0 320.1128637161 CCc1cc(=O)oc2cc(OCC(=O)[NH2+]CCC(=O)O)ccc12
6 163.0389705041 O=C1C=CC2C=CC(=[OH+])OC2=C1
7 302.1022990321 C#CC1=CCOC2=CC(OC=C(O)[NH+]=C=C=C(O)O)CCC12
8 175.0753560121 C#CC1C=COC2=CC(=[OH+])CCC21
9 90.0549549161 [NH2+]=CCC(O)O
12 88.0393048521 [NH+]#CCC(O)O
13 73.0284058201 C#CC(O)[OH2+]
23 88.0393048521 C[NH2+]C(O)=C=O
24 100.0393048521 CC=[NH+]C(O)=C=O
28 171.0440558841 C#CC1=CC(=[OH+])OC2=CC=CC=C12
29 173.0597059481 C#CC1=CC(=[OH+])OC2=CC=CCC12
30 173.0597059481 C#CC(=C=C=[OH+])C1CCC=CC1=O
31 145.0647913281 C#CC(=C)C1C=CC=CC1=[OH+]
32 173.0597059481 C#CC(=C)C1=CC=CC=C1OC=[OH+]
33 175.0753560121 C#CC1=CC(=[OH+])OC2=CCCCC12
34 175.0753560121 C#CC(=C=C(O)[OH2+])C1C=CC=CC1
35 175.0753560121 C#CC(=C=C=[OH+])C1CCCCC1=O
37 175.0753560121 C#CC(=C)C1CC=CC=C1OC=[OH+]
38 177.0910060761 C#CC1=CC(=[OH+])OC2CCCCC12
39 161.0597059481 C=C1C=C([OH2+])OC2=CC=CC=C12
42 177.0910060761 C#CC=C=C([OH2+])OC1=CCCCC1
43 177.0910060761 C#CC(=C=C(O)[OH2+])C1C=CCCC1
44 177.0910060761 C#CC(=C=C=[OH+])C1CCCCC1O
45 179.1066561401 C#CC1=CC([OH2+])OC2CCCCC12
46 179.1066561401 C#CC=C=C([OH2+])OC1CCCCC1
47 179.1066561401 C#CC(=C=C(O)[OH2+])C1CCCCC1
48 179.1066561401 C#CC(=C=C[OH2+])C1CCCCC1O
52 72.0443902321 C=[NH+]C(=C)O
57 70.0287401681 C#[N+]C(=C)O
58 84.0443902321 C=C=[NH+]C(=C)O
60 185.0233204401 [C+]#CC1=CC(=O)OC2=CC(=O)C=CC12
61 187.0389705041 C#CC1=CC(=[OH+])OC2=CC(=O)C=CC12
62 169.0284058201 [C+]#CC1=C2C=CC(=O)C=C2OC=C1
63 189.0546205681 C#CC1=CC(=[OH+])OC2=CC(=O)CCC12
64 171.0440558841 [C+]#CC1=CCOC2=CC(=O)C=CC12
65 189.0546205681 C#CC(=C=C(O)[OH2+])C1C=CC(=O)C=C1
66 189.0546205681 C#CC(=C=C=[OH+])C1CCC(O)=CC1=O
70 161.0597059481 C#CC(=C)C1C=CC(O)=CC1=[OH+]
71 171.0440558841 C#CC(=C=C=[OH+])C1C=CC(=O)C=C1
73 189.0546205681 C#CC(=C)C1C=CC(=O)C=C1OC=[OH+]
74 145.0647913281 C#CC(=C)C1C=CC(=[OH+])C=C1
76 189.0546205681 C#CC1=CC(=[OH+])OC(=C)C1CC=C=O
77 189.0546205681 C#CC1=CC(=[OH+])OCC1=C=CC(=C)O
79 191.0702706321 C#CC1=CC(=[OH+])OC2=CC(O)CCC12
80 175.0389705041 [CH+]=C1C=C(O)OC2=CC(=O)C=CC12
81 173.0597059481 C#CC1=CCOC2=CC(=[OH+])C=CC12
82 191.0702706321 C#CC=C=C([OH2+])OC1=CC(=O)CCC1
83 191.0702706321 C#CC(=C=C(O)[OH2+])C1C=CC(=O)CC1
84 173.0597059481 C#CC(=C=C=[OH+])C1C=CC(=O)CC1
85 191.0702706321 C#CC(=C=C=[OH+])C1CCC(O)CC1=O
87 163.0753560121 C#CC(=C)C1CCC(O)=CC1=[OH+]
90 191.0702706321 C#CC(=C)C1CCC(=O)C=C1OC=[OH+]
91 191.0702706321 C#CCC1C=CC(=O)C=C1OC(=C)[OH2+]
92 191.0702706321 C#CC1=CC(=[OH+])OC(=C)C1CCC=O
93 163.0753560121 C#CC1=CC(=[OH+])OC(=C)C1CC
94 191.0702706321 C#CC1=CC(=[OH+])OC(=C=CO)C1CC
95 191.0702706321 C#CC1=CC(=[OH+])OCC1C=CC(=C)O
103 72.0443902321 CC[NH+]=C=O
106 100.0393048521 C=[NH+]C#CC(O)O
107 70.0287401681 C=C[NH+]=C=O
108 100.0393048521 O=C=[NH+]C=CCO
112 203.0702706321 C#CC1=CC(=[OH+])OC2=CC(OC)=CCC12
114 175.0389705041 C=[O+]C1=CC=C2C=CC(=O)OC2=C1
116 203.0702706321 C#CC(=C=C=[OH+])C1CCC(OC)=CC1=O
117 175.0753560121 C#CC(=C)C1C=CC(OC)=CC1=[OH+]
118 203.0702706321 C#CC(=C)C1=CC=C(OC)C=C1OC=[OH+]
121 203.0702706321 C#CC1=CC(=[OH+])OCC1=C=CC(=C)OC
126 302.1022990321 C#CC1=CC(=O)OC2=CC(OC#C[NH+]=CCC(O)O)CCC12
127 30.0338255481 C=[NH2+]
129 44.0494756121 CC=[NH2+]
130 74.0600402961 [NH2+]=CCCO
131 61.0284058201 C=C(O)[OH2+]
132 44.9971056921 O=C=[OH+]
133 42.0338255481 CC#[NH+]
135 72.0443902321 [NH+]#CCCO
137 203.0338851241 O=C=COC1=CC=C2C=CC(=[OH+])OC2=C1
140 169.0284058201 [C+]#CC1=CC(=O)OC2=CC=CC=C12
146 231.0651852521 C#CC1=CC(=[OH+])OC2=CC(OC#CO)CCC12
148 213.0546205681 C#CC1=CCOC2=CC([OH+]C#CO)=CC=C12
149 213.0546205681 C#COC1=CCC2C(C#C)=CC(=[OH+])OC2=C1
150 231.0651852521 C#CC(=C=C=[OH+])C1CCC(OC=CO)=CC1=O
151 203.0702706321 C#CC(=C)C1CCC(OC#CO)=CC1=[OH+]
152 231.0651852521 C#CC(=C)C1CC=C(OC#CO)C=C1OC=[OH+]
154 231.0651852521 C#CC1=CC(=[OH+])OC(=C)C1CC=COC#CO
155 231.0651852521 C#CC1=CC(=[OH+])OCC1C=CC(=C)OC#CO
159 59.0491412641 C=CC[OH2+]
160 57.0334912001 C#CC[OH2+]
161 55.0178411361 C#CC=[OH+]
173 258.0760842841 C#CC1=CC(=O)OC2=CC(OC=C(O)[NH+]=C)=CCC12
174 232.0604342201 C=[NH+]C(O)=COC1=CC=C2C=CC(=O)OC2=C1
175 230.0447841561 C=NC(O)=C=[O+]C1=CC=C2C=CC(=O)OC2=C1
179 260.0917343481 C#CC1=CC(=O)OC2=CC(OC=C(O)[NH+]=C)CCC12
181 242.0811696641 C#CC1=CCOC2=CC(OC=C(O)[NH+]=C)=CC=C12
182 90.0549549161 C[NH2+]C(O)C=O
183 242.0811696641 C#CC1=CC(=O)OC2=CC(OC#C[NH+]=C)CCC12
184 260.0917343481 C#CC(=C=C=O)C1CCC(OC=C(O)[NH2+]C)=CC1=O
186 260.0917343481 C#CC(=C)C1CC=C(OC=C(O)[NH+]=C)C=C1OC=O
188 260.0917343481 C#CCC1=CC=C(OC=C(O)[NH+]=C)C=C1OC(=C)O
189 260.0917343481 C#CC1=CC(=O)OCC1C=CC(=C)OC=C(O)[NH+]=C
192 274.1073844121 C#CC1=CC(=O)OC2=CC(OC=C(O)[NH+]=CC)CCC12
195 274.1073844121 C#CC(=C=C=O)C1CCC(OC=C(O)[NH2+]CC)=CC1=O
196 276.1230344761 C#CC1=CC(=O)OC2=CC(OC=C(O)[NH2+]CC)CCC12
197 302.1022990321 C#CC1=CC(=O)OC2=CC(OC=C(O)[NH+]=C=CCO)CCC12
198 284.0917343481 C#CC1=CCOC2=CC(OC=C(O)[NH+]=C=C=C=O)CCC12
201 320.1128637161 C#CC=C=C(O)OC1=CC(OC=C(O)[NH+]=C=CC(O)O)CCC1
207 238.0709989041 O=C1C=C(OC=C(O)[NH+]=C=C=C(O)O)CCC1
215 320.1128637161 C#CC(=C=C(O)O)C1C=CC(OC=C(O)[NH+]=C=CC(O)O)CC1
216 260.0917343481 C#CCC1C=CC(OC=C(O)[NH+]=C=C=C(O)O)=CC1
218 274.1073844121 C#CC(=C)C1C=CC(OC=C(O)[NH+]=C=C=C(O)O)CC1
219 276.1230344761 C#CC(=C)C1C=CC(OC=C(O)[NH+]=C=CC(O)O)CC1
220 302.1022990321 C#CC(=C=C=O)C1C=CC(OC=C(O)[NH+]=C=CC(O)O)CC1
221 320.1128637161 C#CC(=C=C=O)C1CCC(OC=C(O)[NH2+]CCC(O)O)=CC1=O
231 320.1128637161 C#CC(=C)C1CCC(OC=C(O)[NH+]=C=CC(O)O)C=C1OC=O
232 320.1128637161 C#CCC1CCC(OC=C(O)[NH+]=C=C=C(O)O)C=C1OC(=C)O
233 320.1128637161 C#CC1=CC(=O)OC(=C)C1CCCOC=C(O)[NH+]=C=CC(O)O
234 320.1128637161 C#CC1=CC(=O)OC(=C=COC=C(O)[NH+]=CCC(O)O)C1CC
235 320.1128637161 C#CC1=CC(=O)OC(=C=C(C)OC=C(O)[NH+]=CCC(O)O)C1C
236 320.1128637161 C#CC1=CC(=O)OC(=C=C(CC)OC=C(O)[NH+]=CCC(O)O)C1
237 320.1128637161 C#CC1=CC(=O)OCC1CCC(=C)OC=C(O)[NH+]=C=CC(O)O
238 318.0972136521 C#CC1=CC(=O)OC2=CC(OC=C(O)[NH+]=C=CC(O)O)CCC12
